e:\code projects\personal projects\platformer\platformer\platformer\x64\release\vc143.pdb
e:\code projects\personal projects\platformer\platformer\platformer\x64\release\main.obj
e:\code projects\personal projects\platformer\platformer\platformer\x64\release\upgrades.obj
e:\code projects\personal projects\platformer\platformer\platformer\x64\release\titlescreen.obj
e:\code projects\personal projects\platformer\platformer\platformer\x64\release\shapemanager.obj
e:\code projects\personal projects\platformer\platformer\platformer\x64\release\player.obj
e:\code projects\personal projects\platformer\platformer\platformer\x64\release\levelmanager.obj
e:\code projects\personal projects\platformer\platformer\platformer\x64\release\camera.obj
e:\code projects\personal projects\platformer\platformer\x64\release\platformer.exe
e:\code projects\personal projects\platformer\platformer\x64\release\platformer.pdb
e:\code projects\personal projects\platformer\platformer\platformer\x64\release\platformer.ipdb
e:\code projects\personal projects\platformer\platformer\platformer\x64\release\platformer.iobj
e:\code projects\personal projects\platformer\platformer\platformer\x64\release\platformer.tlog\cl.command.1.tlog
e:\code projects\personal projects\platformer\platformer\platformer\x64\release\platformer.tlog\cl.items.tlog
e:\code projects\personal projects\platformer\platformer\platformer\x64\release\platformer.tlog\cl.read.1.tlog
e:\code projects\personal projects\platformer\platformer\platformer\x64\release\platformer.tlog\cl.write.1.tlog
e:\code projects\personal projects\platformer\platformer\platformer\x64\release\platformer.tlog\link.command.1.tlog
e:\code projects\personal projects\platformer\platformer\platformer\x64\release\platformer.tlog\link.read.1.tlog
e:\code projects\personal projects\platformer\platformer\platformer\x64\release\platformer.tlog\link.secondary.1.tlog
e:\code projects\personal projects\platformer\platformer\platformer\x64\release\platformer.tlog\link.write.1.tlog
